2023-04-16 14:11:21 info: tempDirectory:c:\Users\User\.vscode\extensions\embold-vscode.embold-0.1.4\temp
2023-04-16 14:11:21 info: Extraction complete for source: c:\Users\User\.vscode\extensions\embold-vscode.embold-0.1.4\resources\embold-scanner-archive.zip, destination: c:\Users\User\.vscode\extensions\embold-vscode.embold-0.1.4\temp
2023-04-16 14:11:21 info: Congratulations, your extension "Embold" is now active!
2023-04-16 14:12:25 info: tempDirectory:c:\Users\User\.vscode\extensions\embold-vscode.embold-0.1.4\temp
2023-04-16 14:12:25 info: Extraction complete for source: c:\Users\User\.vscode\extensions\embold-vscode.embold-0.1.4\resources\embold-scanner-archive.zip, destination: c:\Users\User\.vscode\extensions\embold-vscode.embold-0.1.4\temp
2023-04-16 14:12:25 info: Congratulations, your extension "Embold" is now active!
2023-04-16 14:30:21 info: file:///e%3A/Projects%20demo/bootstrap-react-ecom-website/node_modules/fsevents
2023-04-16 14:30:21 error: SQLITE_ERROR: no such table: issues
2023-04-16 14:31:00 info: file:///e%3A/Projects%20demo/bootstrap-react-ecom-website/node_modules/fsevents
2023-04-16 14:31:00 error: SQLITE_ERROR: no such table: issues
2023-04-16 14:31:45 info: file:///e%3A/Projects%20demo/bootstrap-react-ecom-website/node_modules/fsevents
2023-04-16 14:31:45 error: SQLITE_ERROR: no such table: issues
2023-04-16 14:33:31 info: file:///e%3A/Projects%20demo/bootstrap-react-ecom-website/src/logo.svg
2023-04-16 14:33:31 error: SQLITE_ERROR: no such table: issues
2023-04-16 14:47:21 info: file:///e%3A/Projects%20demo/bootstrap-react-ecom-website/node_modules/fsevents
2023-04-16 14:47:21 error: SQLITE_ERROR: no such table: issues
2023-04-16 14:47:54 info: file:///e%3A/Projects%20demo/bootstrap-react-ecom-website/node_modules/fsevents
2023-04-16 14:47:54 error: SQLITE_ERROR: no such table: issues
2023-04-16 14:48:14 info: file:///e%3A/Projects%20demo/bootstrap-react-ecom-website/node_modules/fsevents
2023-04-16 14:48:14 error: SQLITE_ERROR: no such table: issues
2023-04-16 14:49:51 info: file:///e%3A/Projects%20demo/bootstrap-react-ecom-website/node_modules/fsevents
2023-04-16 14:49:51 error: SQLITE_ERROR: no such table: issues
2023-04-16 14:52:38 info: file:///e%3A/Projects%20demo/bootstrap-react-ecom-website/src/components/Navigation%2Cjs
2023-04-16 14:52:38 error: SQLITE_ERROR: no such table: issues
2023-04-16 15:03:22 info: file:///e%3A/Projects%20demo/bootstrap-react-ecom-website/node_modules/fsevents
2023-04-16 15:03:22 error: SQLITE_ERROR: no such table: issues
